grok-4.20-0309-reasoning's turn to invent a puzzle...
```python
def mystery(x):
    if not isinstance(x, str):
        return False
    a = 2**6 + 34
    b = 2**6 + 33
    c = 2**6 + 46
    d = 2**5 * 3 + 1
    e = 2**7 - 18
    f = 121 - 24
    return x == chr(a) + chr(b) + chr(c) + chr(d) + chr(e) + chr(f)
```
This puzzle computes each ordinal value for the characters of the target string using varied arithmetic expressions with exponents and offsets, then concatenates the chr() results. The computations are straightforward for a computer but tedious to unravel completely by hand without a calculator, and the variable names and structure provide no obvious hints about common words or phrases. The conditions on type and the exact string match make random guessing ineffective.  
SOLUTION: "banana" 
Checking sample solution  "banana"
Puzzle looks good; grok-4-fast-reasoning's turn to solve...
grok-4-fast-reasoning says "banana". Checking.
Success!
New score after this turn: 0 (0-0) vs 0 (0-0)
  grok-4.20-0309-reasoning (inventer): 459 in / 11,736 out
  grok-4-fast-reasoning (solver): 363 in / 409 out
grok-4-fast-reasoning's turn to invent a puzzle...
```python
def mystery(x):
    if not isinstance(x, str):
        return False
    p = 2 ** 7  # 128
    q = p - 13  # 115
    r = 2 ** 6 + 37  # 101
    s = 100 - 1  # 99
    t = 2 ** 6 + 50  # 114
    u = r  # 101
    v = q + 1  # 116
    w = 2 ** 2  # unused red herring
    y = p * 2  # another unused
    return x == chr(q) + chr(r) + chr(s) + chr(t) + chr(u) + chr(v)
```

### Explanation
This puzzle computes the string "secret" using various arithmetic expressions involving powers of 2, additions, and subtractions to derive the ASCII values of the characters. I've added a couple of unused variables (w and y) as red herrings to potentially distract from the key computations. The condition checks if x is a string and equals the concatenated characters.

SOLUTION: "secret" 
Checking sample solution  "secret"
Puzzle looks good; grok-4.20-0309-reasoning's turn to solve...
grok-4.20-0309-reasoning says "secret". Checking.
Success!
New score after this turn: 0 (0-0) vs 0 (0-0)
  grok-4-fast-reasoning (inventer): 633 in / 2,155 out
  grok-4.20-0309-reasoning (solver): 381 in / 522 out
grok-4.20-0309-reasoning's turn to invent a puzzle...
```python
def mystery(x):
    if not isinstance(x, str):
        return False
    alpha = 2**7 - 30
    beta = (5**3) - 28
    gamma = 2**5 * 3 + 6
    delta = 204 // 2
    epsilon = 100 + 8
    zeta = 2**6 + 41
    eta = 2**6 + 46
    theta = 7**2 + 54
    kappa = 2**8
    lambda_ = "secret"
    mu = 42
    return x == chr(alpha) + chr(beta) + chr(gamma) + chr(delta) + chr(epsilon) + chr(zeta) + chr(eta) + chr(theta)
```
This puzzle computes ordinals for each letter of "baffling" via deliberately varied arithmetic (exponents, multiplication, floor division, mixed offsets) using Greek-letter variable names that suggest a possible math or linguistics theme as misdirection. Multiple deliberately unused variables act as red herrings to inflate apparent complexity; the type gate and precise concatenation prevent guessing or partial matches. The calculations are easy for a machine but tedious to invert manually without systematic evaluation of every term.  
SOLUTION: "baffling" 
Checking sample solution  "baffling"
Puzzle looks good; grok-4-fast-reasoning's turn to solve...
grok-4-fast-reasoning says "baffling". Checking.
Success!
New score after this turn: 0 (0-0) vs 0 (0-0)
  grok-4.20-0309-reasoning (inventer): 869 in / 3,815 out
  grok-4-fast-reasoning (solver): 417 in / 569 out
grok-4-fast-reasoning's turn to invent a puzzle...
```python
def mystery(x):
    if not isinstance(x, str):
        return False
    p = 2 ** 6  # 64
    q = p + 37  # 101 'e'
    r = p + 46  # 110 'n'
    s = 2 ** 7 - 23  # 105 'i'
    t = 2 ** 7 - 25  # 103 'g'
    u = 2 ** 7 - 19  # 109 'm'
    v = 100 - 3  # 97 'a'
    # Red herrings
    w = 3 ** 4  # 81
    y = p * 2 + 10  # 138
    z = "dummy"  # unused string
    aa = 2 ** 8 - 100  # 156
    bb = 5 ** 3 - 22  # 103, same as t but coincidence
    return x == chr(q) + chr(r) + chr(s) + chr(t) + chr(u) + chr(v)
```
This puzzle constructs the string "enigma" by computing the ASCII values using powers of 2, additions, subtractions, and a simple arithmetic operation. I've included several unused variables with arithmetic expressions and a dummy string to serve as distractions, potentially leading the solver to overthink the relevant computations. The variable names are generic (p, q, etc.) to avoid giving hints about the letters.

SOLUTION: enigma 
Checking sample solution  enigma
RuntimeError while checking sample -- penalizing!
Error: Error running mystery():
Traceback (most recent call last):
  File "<stdin>", line 24, in <module>
NameError: name 'enigma' is not defined

Sample solution is wrong -- this turn ends early.
New score after this turn: 0 (0-0) vs -1 (0-1)
  grok-4-fast-reasoning (inventer): 1,099 in / 1,695 out
grok-4.20-0309-reasoning's turn to invent a puzzle...
```python
def mystery(x):
    if not isinstance(x, str):
        return False
    alpha = 2**6 + 48
    beta = 2**7 - 11
    gamma = 2**7 - 6
    delta = gamma
    epsilon = 2**6 + 44
    zeta = 2**6 + 41
    eta = 2**6 + 46
    theta = 2**6 + 39
    # red herrings
    iota = 2**10 - 100
    kappa = 5**4 // 5
    lambda_ = 999 - 666
    mu = "puzzle"
    nu = 42 * 2
    xi = 2**7 + 2**6 - 30
    omicron = 1000 // 10
    rho = 7**4 - 2400
    return x == chr(alpha) + chr(beta) + chr(gamma) + chr(delta) + chr(epsilon) + chr(zeta) + chr(eta) + chr(theta)
```
This puzzle uses varied arithmetic (powers of 2, direct reuse, offsets) under Greek variable names to suggest a possible trigonometric or calculus identity as misdirection. Numerous deliberately unused variables (including one that spells a tempting near-miss word) act as red herrings to bloat the apparent search space. The type gate plus exact multi-chr concatenation means partial guesses or brute-force strings fail. Computations are trivial for a computer but require error-prone manual evaluation of every term without a calculator or systematic script.  
SOLUTION: "puzzling" 
Checking sample solution  "puzzling"
Puzzle looks good; grok-4-fast-reasoning's turn to solve...
grok-4-fast-reasoning says "puzzling". Checking.
Success!
New score after this turn: 0 (0-0) vs -1 (0-1)
  grok-4.20-0309-reasoning (inventer): 1,435 in / 4,272 out
  grok-4-fast-reasoning (solver): 483 in / 595 out
grok-4-fast-reasoning's turn to invent a puzzle...
```python
def mystery(x):
    if not isinstance(x, str):
        return False
    alpha = 2**7 - 14
    beta = 5**3 - 23
    gamma = (2**6 * 2) - 28
    delta = gamma
    epsilon = 2**7 - 20
    zeta = (2**5 * 2) + 37
    # unused variables below
    eta = 3**4 + 16
    theta = 1000 // 10
    iota = "shadow"
    kappa = 2**8 - 50
    lambda_ = 42 * 3
    mu = 7**2 + 25
    nu = 2**10 - 900
    xi = 5**3 + 10
    return x == chr(alpha) + chr(beta) + chr(gamma) + chr(delta) + chr(epsilon) + chr(zeta)
```

This puzzle constructs the string "riddle" by computing the ASCII values using a mix of power-of-2 expressions, exponentiations, and simple operations. The relevant variables (alpha to zeta) are used to build the string, while the subsequent variables (eta to xi) are red herrings with various arithmetic and a dummy string to distract and suggest more complexity. Variable names use Greek letters to obscure the pattern, and some expressions like gamma use unnecessary parentheses for added confusion.

SOLUTION: "riddle" 
Checking sample solution  "riddle"
Sample solution is wrong -- this turn ends early.
New score after this turn: 0 (0-0) vs -2 (0-2)
  grok-4-fast-reasoning (inventer): 1,717 in / 1,033 out
grok-4.20-0309-reasoning's turn to invent a puzzle...
```python
def mystery(x):
    if not isinstance(x, str):
        return False
    alpha = 2**6 + 44
    beta = 2**7 - 31
    gamma = 2**6 + 34
    delta = 11**2
    epsilon = 2**7 - 14
    zeta = 2**7 - 23
    eta = 2**7 - 18
    theta = 2**7 - 12
    iota = 2**6 + 40
    # red herrings
    kappa = 2**10 - 100
    lambda_ = 5**4 // 4
    mu = "hidden"
    nu = 42 * 42
    xi = 2**8 - 30
    omicron = 1000 - 888
    pi = 314 // 10
    rho = 7**3 - 100
    sigma = 999 // 9
    tau = "red herring"
    return x == chr(alpha) + chr(beta) + chr(gamma) + chr(delta) + chr(epsilon) + chr(zeta) + chr(eta) + chr(theta) + chr(iota)
```
This puzzle uses Greek-letter variable names and a mix of arithmetic operations (exponents, subtraction offsets, integer division, squaring) to compute character ordinals, with many deliberately unused variables and values acting as red herrings to bloat the search space and suggest false patterns. The strict type check and exact multi-chr concatenation prevent partial matches or easy guessing; the calculations are trivial for a machine but require exhaustive manual evaluation of every term to reconstruct the precise target string. 
SOLUTION: "labyrinth" 
Checking sample solution  "labyrinth"
Puzzle looks good; grok-4-fast-reasoning's turn to solve...
grok-4-fast-reasoning says "labyrinth". Checking.
Success!
New score after this turn: 0 (0-0) vs -2 (0-2)
  grok-4.20-0309-reasoning (inventer): 2,042 in / 3,337 out
  grok-4-fast-reasoning (solver): 511 in / 776 out
grok-4-fast-reasoning's turn to invent a puzzle...
```python
def mystery(x):
    if not isinstance(x, str):
        return False
    alpha = (2**7 + 2**5) // 3  # red herring, but wait no, I'll calculate properly
    beta = 2**6 + 33
    gamma = 5**3 - 26
    delta = 2**7 - 31
    epsilon = (3**5) - 133
    zeta = 2**6 + 46
    eta = 2**7 - 14
    theta = 100 - 3
    # more red herrings
    iota = 2**10 - 900
    kappa = "enigma"
    lambda_ = 42 * 3 + 1
    mu = 7**2 + 19
    nu = 5**4 // 5
    xi = 2**8 - 50
    omicron = 999 // 9
    pi = "puzzle"
    rho = 11**2 + 1
    sigma = 2**7 * 2 - 100
    tau = 1000 - 888
    return x == chr(beta) + chr(gamma) + chr(delta) + chr(epsilon) + chr(zeta) + chr(eta) + chr(theta)
```
This puzzle constructs the string "arcane" using a combination of power-based arithmetic, exponentiations, and subtractions to derive the ASCII values. The variables are named with Greek letters for obfuscation, and several unused variables follow with diverse calculations, strings like "enigma" and "puzzle" (nod to the game), and numbers to distract from the key ones (beta to theta). Alpha and epsilon are positioned to suggest inclusion but are not used in the return statement—alpha is a complex but unused expression, and epsilon uses 3**5 -133=243-133=110 for 'n'. The return uses only the relevant chrs in order.

SOLUTION: "arcane" 
Checking sample solution  "arcane"
Sample solution is wrong -- this turn ends early.
New score after this turn: 0 (0-0) vs -3 (0-3)
  grok-4-fast-reasoning (inventer): 2,345 in / 1,331 out
grok-4.20-0309-reasoning's turn to invent a puzzle...
```python
def mystery(x):
    if not isinstance(x, str):
        return False
    alpha = (2**7 - 17)
    beta = (2**6 + 34)
    gamma = (2**7 - 13)
    delta = (5**3 - 26)
    epsilon = (2**7 - 11)
    zeta = (2**6 + 50)
    eta = (2**7 - 27)
    # red herrings
    theta = 2**10 - 900
    iota = 5**4 // 20
    kappa = "mystery"
    lambda_ = 42 * 10
    mu = 7**3 - 200
    nu = 999 // 9 * 2
    xi = 2**8 // 2
    omicron = 1000 - 888
    pi = 11**2 + 10
    rho = "redherring"
    sigma = 2**5 * 4 - 3
    return x == chr(alpha) + chr(beta) + chr(gamma) + chr(delta) + chr(epsilon) + chr(zeta) + chr(eta)
```
This puzzle builds a target string via chr() of deliberately varied arithmetic expressions (powers, mixed offsets, multiplication) under Greek variable names that hint at math or cryptography as misdirection. Many explicitly unused variables with tempting names act as red herrings to bloat the apparent complexity. The strict string type gate and precise concatenation to match prevent guessing, partial matches, or brute force; the terms are trivial for a machine but require careful manual evaluation of each without error to recover the exact target.  
SOLUTION: "obscure" 
Checking sample solution  "obscure"
Puzzle looks good; grok-4-fast-reasoning's turn to solve...
grok-4-fast-reasoning says "obscure". Checking.
Success!
New score after this turn: 0 (0-0) vs -3 (0-3)
  grok-4.20-0309-reasoning (inventer): 2,747 in / 4,305 out
  grok-4-fast-reasoning (solver): 504 in / 588 out
grok-4-fast-reasoning's turn to invent a puzzle...
```python
def mystery(x):
    if not isinstance(x, str):
        return False
    alpha = 2**7 - 29
    beta = 2**7 - 23
    gamma = (2**7 - 16)
    delta = 2**7 - 24
    epsilon = 2**6 + 37
    zeta = (2**7) - 14
    # red herrings start here
    eta = 5**3 - 28
    theta = 2**8 // 2
    iota = "clue"
    kappa = 42**2
    lambda_ = 1000 - 900
    mu = 7**3 - 100
    nu = 3**5 // 2
    xi = 2**10 - 512
    omicron = "distract"
    pi = 314 // 100
    rho = (11**2) + 1
    sigma = 999 // 9
    tau = 2**5 * 5
    return x == chr(alpha) + chr(beta) + chr(gamma) + chr(delta) + chr(epsilon) + chr(zeta)
```
This puzzle constructs the string "cipher" by deriving the ASCII values primarily through subtractions from 2**7 (128), with one addition from 2**6 (64), and unnecessary parentheses in some expressions for added obfuscation. The relevant variables (alpha to zeta) form the core string, while the subsequent red herring variables (eta to tau) include a mix of exponentiations, divisions, a couple of unused strings ("clue" and "distract"), and arithmetic that might coincidentally match some ASCII values (e.g., eta=97 for 'a') to encourage over-analysis or inclusion of extras in guesses. Greek letter names continue the theme but with more variables to suggest a longer potential string.
SOLUTION: "cipher" 
Checking sample solution  "cipher"
Puzzle looks good; grok-4.20-0309-reasoning's turn to solve...
grok-4.20-0309-reasoning says "cipher". Checking.
Success!
New score after this turn: 0 (0-0) vs -3 (0-3)
  grok-4-fast-reasoning (inventer): 3,083 in / 1,205 out
  grok-4.20-0309-reasoning (solver): 473 in / 424 out
Turn 0: grok-4.20-0309-reasoning vs grok-4-fast-reasoning - 822 in / 12,145 out (?) [success]
Turn 1: grok-4-fast-reasoning vs grok-4.20-0309-reasoning - 1,014 in / 2,677 out (?) [success]
Turn 2: grok-4.20-0309-reasoning vs grok-4-fast-reasoning - 1,286 in / 4,384 out (?) [success]
Turn 3: grok-4-fast-reasoning vs grok-4.20-0309-reasoning - 1,099 in / 1,695 out (?) [puzzle-wrong-ex]
Turn 4: grok-4.20-0309-reasoning vs grok-4-fast-reasoning - 1,918 in / 4,867 out (?) [success]
Turn 5: grok-4-fast-reasoning vs grok-4.20-0309-reasoning - 1,717 in / 1,033 out (?) [puzzle-wrong]
Turn 6: grok-4.20-0309-reasoning vs grok-4-fast-reasoning - 2,553 in / 4,113 out (?) [success]
Turn 7: grok-4-fast-reasoning vs grok-4.20-0309-reasoning - 2,345 in / 1,331 out (?) [puzzle-wrong]
Turn 8: grok-4.20-0309-reasoning vs grok-4-fast-reasoning - 3,251 in / 4,893 out (?) [success]
Turn 9: grok-4-fast-reasoning vs grok-4.20-0309-reasoning - 3,556 in / 1,629 out (?) [success]
grok-4.20-0309-reasoning: 8,406 in / 28,411 out
grok-4-fast-reasoning: 11,155 in / 10,356 out
grok-4.20-0309-reasoning ./. grok-4-fast-reasoning     (0-0) vs (0-3)     [0 failed, see runs/classic/grok-4.20-0309-reasoning_vs_grok-4-fast-reasoning.log]
